<?xml version="1.0" encoding="UTF-8"?>
<!-- Generated by org.testng.reporters.JUnitXMLReporter -->
<testsuite hostname="aryas-MacBook-Pro.local" ignored="0" name="Default test" tests="4" failures="0" timestamp="10 Jan 2020 12:40:19 GMT" time="128.076" errors="0">
  <testcase name="rotateScreen" time="3.348" classname="TestBase.TestClass"/>
  <testcase name="twoNumberAddition" time="17.941" classname="TestBase.TestClass"/>
  <testcase name="twoNumberDivision" time="22.315" classname="TestBase.TestClass"/>
  <testcase name="twoNumberMultiple" time="21.899" classname="TestBase.TestClass"/>
</testsuite> <!-- Default test -->
