<?xml version="1.0" encoding="UTF-8"?>
<testng-results skipped="0" failed="0" ignored="0" total="4" passed="4">
  <reporter-output>
  </reporter-output>
  <suite name="Default suite" duration-ms="128076" started-at="2020-01-10T12:38:11Z" finished-at="2020-01-10T12:40:19Z">
    <groups>
    </groups>
    <test name="Default test" duration-ms="128076" started-at="2020-01-10T12:38:11Z" finished-at="2020-01-10T12:40:19Z">
      <class name="TestBase.TestClass">
        <test-method status="PASS" signature="setUpMethod()[pri:0, instance:TestBase.TestClass@5442a311]" name="setUpMethod" is-config="true" duration-ms="17370" started-at="2020-01-10T12:38:11Z" finished-at="2020-01-10T12:38:28Z">
          <reporter-output>
          </reporter-output>
        </test-method> <!-- setUpMethod -->
        <test-method status="PASS" signature="rotateScreen()[pri:0, instance:TestBase.TestClass@5442a311]" name="rotateScreen" duration-ms="3348" started-at="2020-01-10T12:38:28Z" finished-at="2020-01-10T12:38:32Z">
          <reporter-output>
          </reporter-output>
        </test-method> <!-- rotateScreen -->
        <test-method status="PASS" signature="tearDownMethod()[pri:0, instance:TestBase.TestClass@5442a311]" name="tearDownMethod" is-config="true" duration-ms="945" started-at="2020-01-10T12:38:32Z" finished-at="2020-01-10T12:38:32Z">
          <reporter-output>
          </reporter-output>
        </test-method> <!-- tearDownMethod -->
        <test-method status="PASS" signature="setUpMethod()[pri:0, instance:TestBase.TestClass@5442a311]" name="setUpMethod" is-config="true" duration-ms="13431" started-at="2020-01-10T12:38:32Z" finished-at="2020-01-10T12:38:46Z">
          <reporter-output>
          </reporter-output>
        </test-method> <!-- setUpMethod -->
        <test-method status="PASS" signature="twoNumberAddition()[pri:0, instance:TestBase.TestClass@5442a311]" name="twoNumberAddition" duration-ms="17941" started-at="2020-01-10T12:38:46Z" finished-at="2020-01-10T12:39:04Z">
          <reporter-output>
          </reporter-output>
        </test-method> <!-- twoNumberAddition -->
        <test-method status="PASS" signature="tearDownMethod()[pri:0, instance:TestBase.TestClass@5442a311]" name="tearDownMethod" is-config="true" duration-ms="1066" started-at="2020-01-10T12:39:04Z" finished-at="2020-01-10T12:39:05Z">
          <reporter-output>
          </reporter-output>
        </test-method> <!-- tearDownMethod -->
        <test-method status="PASS" signature="setUpMethod()[pri:0, instance:TestBase.TestClass@5442a311]" name="setUpMethod" is-config="true" duration-ms="14031" started-at="2020-01-10T12:39:05Z" finished-at="2020-01-10T12:39:19Z">
          <reporter-output>
          </reporter-output>
        </test-method> <!-- setUpMethod -->
        <test-method status="PASS" signature="twoNumberDivision()[pri:0, instance:TestBase.TestClass@5442a311]" name="twoNumberDivision" duration-ms="22315" started-at="2020-01-10T12:39:19Z" finished-at="2020-01-10T12:39:41Z">
          <reporter-output>
          </reporter-output>
        </test-method> <!-- twoNumberDivision -->
        <test-method status="PASS" signature="tearDownMethod()[pri:0, instance:TestBase.TestClass@5442a311]" name="tearDownMethod" is-config="true" duration-ms="1044" started-at="2020-01-10T12:39:41Z" finished-at="2020-01-10T12:39:42Z">
          <reporter-output>
          </reporter-output>
        </test-method> <!-- tearDownMethod -->
        <test-method status="PASS" signature="setUpMethod()[pri:0, instance:TestBase.TestClass@5442a311]" name="setUpMethod" is-config="true" duration-ms="13607" started-at="2020-01-10T12:39:42Z" finished-at="2020-01-10T12:39:56Z">
          <reporter-output>
          </reporter-output>
        </test-method> <!-- setUpMethod -->
        <test-method status="PASS" signature="twoNumberMultiple()[pri:0, instance:TestBase.TestClass@5442a311]" name="twoNumberMultiple" duration-ms="21899" started-at="2020-01-10T12:39:56Z" finished-at="2020-01-10T12:40:18Z">
          <reporter-output>
          </reporter-output>
        </test-method> <!-- twoNumberMultiple -->
        <test-method status="PASS" signature="tearDownMethod()[pri:0, instance:TestBase.TestClass@5442a311]" name="tearDownMethod" is-config="true" duration-ms="1045" started-at="2020-01-10T12:40:18Z" finished-at="2020-01-10T12:40:19Z">
          <reporter-output>
          </reporter-output>
        </test-method> <!-- tearDownMethod -->
      </class> <!-- TestBase.TestClass -->
    </test> <!-- Default test -->
  </suite> <!-- Default suite -->
</testng-results>
